---------------------------------------------------------------
[ 2021-02-14T00:03:17+08:00 ] 127.0.0.1 GET rurujia.com/wechat/index/index
[运行时间：1.013795s] [吞吐率：0.99req/s] [内存消耗：3,393.10kb] [文件加载：129]
[ info ] [ BEHAVIOR ] Run Closure @app_init [ RunTime:0.000045s ]
[ info ] [ CACHE ] INIT File
[ info ] [ BEHAVIOR ] Run Closure @app_init [ RunTime:0.010847s ]
[ info ] [ LANG ] D:\Program\phpstudy_pro\WWW\rurujia.com\thinkphp\lang\zh-cn.php
[ info ] [ BEHAVIOR ] Run app\common\behavior\Common @app_dispatch [ RunTime:0.001167s ]
[ info ] [ ROUTE ] array (
  'type' => 'module',
  'module' => 
  array (
    0 => 'wechat',
    1 => 'index',
    2 => 'index',
  ),
)
[ info ] [ HEADER ] array (
  'connection' => 'keep-alive',
  'accept-encoding' => 'gzip, deflate, br',
  'host' => 'rurujia.com',
  'postman-token' => 'dfc536a5-195e-448e-95c1-6dbe977111ae',
  'accept' => '*/*',
  'user-agent' => 'PostmanRuntime/7.26.10',
  'content-length' => '',
  'content-type' => '',
)
[ info ] [ PARAM ] array (
)
[ info ] [ LANG ] D:\Program\phpstudy_pro\WWW\rurujia.com\public/../application/wechat\lang\zh-cn.php
[ info ] [ BEHAVIOR ] Run app\common\behavior\Common @module_init [ RunTime:0.004345s ]
[ info ] [ RUN ] app\wechat\controller\Index->index[ D:\Program\phpstudy_pro\WWW\rurujia.com\application\wechat\controller\Index.php ]
[ info ] [ LOG ] INIT File
[ error ] [400][D:\Program\phpstudy_pro\WWW\rurujia.com\application\wechat\libs\validate\BaseValidate.php:37]
---------------------------------------------------------------
[ 2021-02-14T00:03:37+08:00 ] 127.0.0.1 GET rurujia.com/wechat/index/index
[运行时间：0.980696s] [吞吐率：1.02req/s] [内存消耗：3,393.12kb] [文件加载：129]
[ info ] [ BEHAVIOR ] Run Closure @app_init [ RunTime:0.000042s ]
[ info ] [ CACHE ] INIT File
[ info ] [ BEHAVIOR ] Run Closure @app_init [ RunTime:0.006449s ]
[ info ] [ LANG ] D:\Program\phpstudy_pro\WWW\rurujia.com\thinkphp\lang\zh-cn.php
[ info ] [ BEHAVIOR ] Run app\common\behavior\Common @app_dispatch [ RunTime:0.001705s ]
[ info ] [ ROUTE ] array (
  'type' => 'module',
  'module' => 
  array (
    0 => 'wechat',
    1 => 'index',
    2 => 'index',
  ),
)
[ info ] [ HEADER ] array (
  'connection' => 'keep-alive',
  'accept-encoding' => 'gzip, deflate, br',
  'host' => 'rurujia.com',
  'postman-token' => '5719bcd6-aa5e-4e8b-a7e7-362131dac588',
  'accept' => '*/*',
  'user-agent' => 'PostmanRuntime/7.26.10',
  'content-length' => '',
  'content-type' => '',
)
[ info ] [ PARAM ] array (
)
[ info ] [ LANG ] D:\Program\phpstudy_pro\WWW\rurujia.com\public/../application/wechat\lang\zh-cn.php
[ info ] [ BEHAVIOR ] Run app\common\behavior\Common @module_init [ RunTime:0.004449s ]
[ info ] [ RUN ] app\wechat\controller\Index->index[ D:\Program\phpstudy_pro\WWW\rurujia.com\application\wechat\controller\Index.php ]
[ info ] [ LOG ] INIT File
[ error ] [400][D:\Program\phpstudy_pro\WWW\rurujia.com\application\wechat\libs\validate\BaseValidate.php:37]
---------------------------------------------------------------
[ 2021-02-14T00:04:14+08:00 ] 127.0.0.1 GET rurujia.com/wechat/index/index
[运行时间：0.915286s] [吞吐率：1.09req/s] [内存消耗：3,393.12kb] [文件加载：129]
[ info ] [ BEHAVIOR ] Run Closure @app_init [ RunTime:0.000043s ]
[ info ] [ CACHE ] INIT File
[ info ] [ BEHAVIOR ] Run Closure @app_init [ RunTime:0.008253s ]
[ info ] [ LANG ] D:\Program\phpstudy_pro\WWW\rurujia.com\thinkphp\lang\zh-cn.php
[ info ] [ BEHAVIOR ] Run app\common\behavior\Common @app_dispatch [ RunTime:0.000787s ]
[ info ] [ ROUTE ] array (
  'type' => 'module',
  'module' => 
  array (
    0 => 'wechat',
    1 => 'index',
    2 => 'index',
  ),
)
[ info ] [ HEADER ] array (
  'connection' => 'keep-alive',
  'accept-encoding' => 'gzip, deflate, br',
  'host' => 'rurujia.com',
  'postman-token' => '965c613a-494d-41a1-bbde-58ffd9ba6390',
  'accept' => '*/*',
  'user-agent' => 'PostmanRuntime/7.26.10',
  'content-length' => '',
  'content-type' => '',
)
[ info ] [ PARAM ] array (
)
[ info ] [ LANG ] D:\Program\phpstudy_pro\WWW\rurujia.com\public/../application/wechat\lang\zh-cn.php
[ info ] [ BEHAVIOR ] Run app\common\behavior\Common @module_init [ RunTime:0.001779s ]
[ info ] [ RUN ] app\wechat\controller\Index->index[ D:\Program\phpstudy_pro\WWW\rurujia.com\application\wechat\controller\Index.php ]
[ info ] [ LOG ] INIT File
[ error ] [400][D:\Program\phpstudy_pro\WWW\rurujia.com\application\wechat\libs\validate\BaseValidate.php:37]
---------------------------------------------------------------
[ 2021-02-14T00:05:35+08:00 ] 127.0.0.1 GET rurujia.com/wechat/index/index
[运行时间：0.946601s] [吞吐率：1.06req/s] [内存消耗：3,393.12kb] [文件加载：129]
[ info ] [ BEHAVIOR ] Run Closure @app_init [ RunTime:0.000038s ]
[ info ] [ CACHE ] INIT File
[ info ] [ BEHAVIOR ] Run Closure @app_init [ RunTime:0.008167s ]
[ info ] [ LANG ] D:\Program\phpstudy_pro\WWW\rurujia.com\thinkphp\lang\zh-cn.php
[ info ] [ BEHAVIOR ] Run app\common\behavior\Common @app_dispatch [ RunTime:0.001227s ]
[ info ] [ ROUTE ] array (
  'type' => 'module',
  'module' => 
  array (
    0 => 'wechat',
    1 => 'index',
    2 => 'index',
  ),
)
[ info ] [ HEADER ] array (
  'connection' => 'keep-alive',
  'accept-encoding' => 'gzip, deflate, br',
  'host' => 'rurujia.com',
  'postman-token' => '80a7d50f-9ffe-4b4d-8f67-454787254167',
  'accept' => '*/*',
  'user-agent' => 'PostmanRuntime/7.26.10',
  'content-length' => '',
  'content-type' => '',
)
[ info ] [ PARAM ] array (
)
[ info ] [ LANG ] D:\Program\phpstudy_pro\WWW\rurujia.com\public/../application/wechat\lang\zh-cn.php
[ info ] [ BEHAVIOR ] Run app\common\behavior\Common @module_init [ RunTime:0.001995s ]
[ info ] [ RUN ] app\wechat\controller\Index->index[ D:\Program\phpstudy_pro\WWW\rurujia.com\application\wechat\controller\Index.php ]
[ info ] [ LOG ] INIT File
[ error ] [400][D:\Program\phpstudy_pro\WWW\rurujia.com\application\wechat\libs\validate\BaseValidate.php:37]
