---------------------------------------------------------------
[ 2021-02-26T21:49:53+08:00 ] 127.0.0.1 GET rurujia.com/wechat/index/name
[运行时间：0.227318s] [吞吐率：4.40req/s] [内存消耗：3,392.40kb] [文件加载：130]
[ info ] [ BEHAVIOR ] Run Closure @app_init [ RunTime:0.002115s ]
[ info ] [ CACHE ] INIT File
[ info ] [ BEHAVIOR ] Run Closure @app_init [ RunTime:0.010248s ]
[ info ] [ LANG ] D:\Program\phpstudy_pro\WWW\rurujia.com\thinkphp\lang\zh-cn.php
[ info ] [ BEHAVIOR ] Run app\common\behavior\Common @app_dispatch [ RunTime:0.001587s ]
[ info ] [ ROUTE ] array (
  'type' => 'module',
  'module' => 
  array (
    0 => 'wechat',
    1 => 'index',
    2 => 'name',
  ),
)
[ info ] [ HEADER ] array (
  'connection' => 'keep-alive',
  'accept-encoding' => 'gzip, deflate, br',
  'host' => 'rurujia.com',
  'postman-token' => '6e0f6c5c-8c76-4e2f-9226-16533d0e63ac',
  'accept' => '*/*',
  'user-agent' => 'PostmanRuntime/7.26.10',
  'content-length' => '',
  'content-type' => '',
)
[ info ] [ PARAM ] array (
)
[ info ] [ LANG ] D:\Program\phpstudy_pro\WWW\rurujia.com\public/../application/wechat\lang\zh-cn.php
[ info ] [ BEHAVIOR ] Run app\common\behavior\Common @module_init [ RunTime:0.004393s ]
[ info ] [ RUN ] app\wechat\controller\Index->name[ D:\Program\phpstudy_pro\WWW\rurujia.com\application\wechat\controller\Index.php ]
[ info ] [ LOG ] INIT File
[ error ] [200][D:\Program\phpstudy_pro\WWW\rurujia.com\application\wechat\libs\validate\BaseValidate.php:37]
---------------------------------------------------------------
[ 2021-02-26T21:51:37+08:00 ] 127.0.0.1 GET rurujia.com/wechat/index/index
[运行时间：0.113566s] [吞吐率：8.81req/s] [内存消耗：3,311.70kb] [文件加载：124]
[ info ] [ BEHAVIOR ] Run Closure @app_init [ RunTime:0.000076s ]
[ info ] [ CACHE ] INIT File
[ info ] [ BEHAVIOR ] Run Closure @app_init [ RunTime:0.006977s ]
[ info ] [ LANG ] D:\Program\phpstudy_pro\WWW\rurujia.com\thinkphp\lang\zh-cn.php
[ info ] [ BEHAVIOR ] Run app\common\behavior\Common @app_dispatch [ RunTime:0.000898s ]
[ info ] [ ROUTE ] array (
  'type' => 'module',
  'module' => 
  array (
    0 => 'wechat',
    1 => 'index',
    2 => 'index',
  ),
)
[ info ] [ HEADER ] array (
  'connection' => 'keep-alive',
  'accept-encoding' => 'gzip, deflate, br',
  'host' => 'rurujia.com',
  'postman-token' => '09fd479d-1848-412d-8ab1-fb93cb21ad9d',
  'accept' => '*/*',
  'user-agent' => 'PostmanRuntime/7.26.10',
  'content-length' => '',
  'content-type' => '',
)
[ info ] [ PARAM ] array (
)
[ info ] [ LANG ] D:\Program\phpstudy_pro\WWW\rurujia.com\public/../application/wechat\lang\zh-cn.php
[ info ] [ BEHAVIOR ] Run app\common\behavior\Common @module_init [ RunTime:0.002011s ]
[ info ] [ RUN ] app\wechat\controller\Index->index[ D:\Program\phpstudy_pro\WWW\rurujia.com\application\wechat\controller\Index.php ]
[ info ] [ LOG ] INIT File
---------------------------------------------------------------
[ 2021-02-26T21:52:12+08:00 ] 127.0.0.1 GET rurujia.com/wechat/index/index
[运行时间：0.140562s] [吞吐率：7.11req/s] [内存消耗：3,312.09kb] [文件加载：124]
[ info ] [ BEHAVIOR ] Run Closure @app_init [ RunTime:0.000060s ]
[ info ] [ CACHE ] INIT File
[ info ] [ BEHAVIOR ] Run Closure @app_init [ RunTime:0.009409s ]
[ info ] [ LANG ] D:\Program\phpstudy_pro\WWW\rurujia.com\thinkphp\lang\zh-cn.php
[ info ] [ BEHAVIOR ] Run app\common\behavior\Common @app_dispatch [ RunTime:0.001330s ]
[ info ] [ ROUTE ] array (
  'type' => 'module',
  'module' => 
  array (
    0 => 'wechat',
    1 => 'index',
    2 => 'index',
  ),
)
[ info ] [ HEADER ] array (
  'connection' => 'keep-alive',
  'accept-encoding' => 'gzip, deflate, br',
  'host' => 'rurujia.com',
  'postman-token' => 'a21d27de-b68a-4387-93a4-81cec209622d',
  'accept' => '*/*',
  'user-agent' => 'PostmanRuntime/7.26.10',
  'content-length' => '',
  'content-type' => '',
)
[ info ] [ PARAM ] array (
)
[ info ] [ LANG ] D:\Program\phpstudy_pro\WWW\rurujia.com\public/../application/wechat\lang\zh-cn.php
[ info ] [ BEHAVIOR ] Run app\common\behavior\Common @module_init [ RunTime:0.002665s ]
[ info ] [ RUN ] app\wechat\controller\Index->index[ D:\Program\phpstudy_pro\WWW\rurujia.com\application\wechat\controller\Index.php ]
[ info ] [ LOG ] INIT File
---------------------------------------------------------------
[ 2021-02-26T21:53:08+08:00 ] 127.0.0.1 GET rurujia.com/wechat/index/index
[运行时间：0.145898s] [吞吐率：6.85req/s] [内存消耗：3,582.22kb] [文件加载：129]
[ info ] [ BEHAVIOR ] Run Closure @app_init [ RunTime:0.000067s ]
[ info ] [ CACHE ] INIT File
[ info ] [ BEHAVIOR ] Run Closure @app_init [ RunTime:0.009605s ]
[ info ] [ LANG ] D:\Program\phpstudy_pro\WWW\rurujia.com\thinkphp\lang\zh-cn.php
[ info ] [ BEHAVIOR ] Run app\common\behavior\Common @app_dispatch [ RunTime:0.002260s ]
[ info ] [ ROUTE ] array (
  'type' => 'module',
  'module' => 
  array (
    0 => 'wechat',
    1 => 'index',
    2 => 'index',
  ),
)
[ info ] [ HEADER ] array (
  'connection' => 'keep-alive',
  'accept-encoding' => 'gzip, deflate, br',
  'host' => 'rurujia.com',
  'postman-token' => '97dcfbc5-475b-43aa-b1ec-9914332ca94f',
  'accept' => '*/*',
  'user-agent' => 'PostmanRuntime/7.26.10',
  'content-length' => '',
  'content-type' => '',
)
[ info ] [ PARAM ] array (
)
[ info ] [ LANG ] D:\Program\phpstudy_pro\WWW\rurujia.com\public/../application/wechat\lang\zh-cn.php
[ info ] [ BEHAVIOR ] Run app\common\behavior\Common @module_init [ RunTime:0.002663s ]
[ info ] [ RUN ] app\wechat\controller\Index->index[ D:\Program\phpstudy_pro\WWW\rurujia.com\application\wechat\controller\Index.php ]
[ info ] [ LOG ] INIT File
---------------------------------------------------------------
[ 2021-02-26T21:55:48+08:00 ] 127.0.0.1 GET rurujia.com/wechat/index/index
[运行时间：0.144674s] [吞吐率：6.91req/s] [内存消耗：3,582.66kb] [文件加载：129]
[ info ] [ BEHAVIOR ] Run Closure @app_init [ RunTime:0.000098s ]
[ info ] [ CACHE ] INIT File
[ info ] [ BEHAVIOR ] Run Closure @app_init [ RunTime:0.007282s ]
[ info ] [ LANG ] D:\Program\phpstudy_pro\WWW\rurujia.com\thinkphp\lang\zh-cn.php
[ info ] [ BEHAVIOR ] Run app\common\behavior\Common @app_dispatch [ RunTime:0.001180s ]
[ info ] [ ROUTE ] array (
  'type' => 'module',
  'module' => 
  array (
    0 => 'wechat',
    1 => 'index',
    2 => 'index',
  ),
)
[ info ] [ HEADER ] array (
  'connection' => 'keep-alive',
  'accept-encoding' => 'gzip, deflate, br',
  'host' => 'rurujia.com',
  'postman-token' => 'a36280d3-1618-4f8f-ab90-af4bc268178c',
  'accept' => '*/*',
  'user-agent' => 'PostmanRuntime/7.26.10',
  'content-length' => '',
  'content-type' => '',
)
[ info ] [ PARAM ] array (
)
[ info ] [ LANG ] D:\Program\phpstudy_pro\WWW\rurujia.com\public/../application/wechat\lang\zh-cn.php
[ info ] [ BEHAVIOR ] Run app\common\behavior\Common @module_init [ RunTime:0.002277s ]
[ info ] [ RUN ] app\wechat\controller\Index->index[ D:\Program\phpstudy_pro\WWW\rurujia.com\application\wechat\controller\Index.php ]
[ info ] [ LOG ] INIT File
---------------------------------------------------------------
[ 2021-02-26T21:56:13+08:00 ] 127.0.0.1 GET rurujia.com/wechat/index/index
[运行时间：0.145708s] [吞吐率：6.86req/s] [内存消耗：3,582.22kb] [文件加载：129]
[ info ] [ BEHAVIOR ] Run Closure @app_init [ RunTime:0.000068s ]
[ info ] [ CACHE ] INIT File
[ info ] [ BEHAVIOR ] Run Closure @app_init [ RunTime:0.013020s ]
[ info ] [ LANG ] D:\Program\phpstudy_pro\WWW\rurujia.com\thinkphp\lang\zh-cn.php
[ info ] [ BEHAVIOR ] Run app\common\behavior\Common @app_dispatch [ RunTime:0.000959s ]
[ info ] [ ROUTE ] array (
  'type' => 'module',
  'module' => 
  array (
    0 => 'wechat',
    1 => 'index',
    2 => 'index',
  ),
)
[ info ] [ HEADER ] array (
  'connection' => 'keep-alive',
  'accept-encoding' => 'gzip, deflate, br',
  'host' => 'rurujia.com',
  'postman-token' => 'b525ed79-ae2c-4a83-874b-0bcc2eaa7e91',
  'accept' => '*/*',
  'user-agent' => 'PostmanRuntime/7.26.10',
  'content-length' => '',
  'content-type' => '',
)
[ info ] [ PARAM ] array (
)
[ info ] [ LANG ] D:\Program\phpstudy_pro\WWW\rurujia.com\public/../application/wechat\lang\zh-cn.php
[ info ] [ BEHAVIOR ] Run app\common\behavior\Common @module_init [ RunTime:0.002032s ]
[ info ] [ RUN ] app\wechat\controller\Index->index[ D:\Program\phpstudy_pro\WWW\rurujia.com\application\wechat\controller\Index.php ]
[ info ] [ LOG ] INIT File
