---------------------------------------------------------------
[ 2021-03-01T20:43:07+08:00 ] 127.0.0.1 POST rurujia.com/wechat/index/login
[运行时间：0.576660s] [吞吐率：1.73req/s] [内存消耗：5,576.27kb] [文件加载：242]
[ info ] [ BEHAVIOR ] Run Closure @app_init [ RunTime:0.002397s ]
[ info ] [ CACHE ] INIT File
[ info ] [ BEHAVIOR ] Run Closure @app_init [ RunTime:0.010053s ]
[ info ] [ LANG ] D:\Program\phpstudy_pro\WWW\rurujia.com\thinkphp\lang\zh-cn.php
[ info ] [ BEHAVIOR ] Run app\common\behavior\Common @app_dispatch [ RunTime:0.001584s ]
[ info ] [ ROUTE ] array (
  'type' => 'module',
  'module' => 
  array (
    0 => 'wechat',
    1 => 'index',
    2 => 'login',
  ),
)
[ info ] [ HEADER ] array (
  'content-length' => '37',
  'content-type' => 'application/x-www-form-urlencoded',
  'connection' => 'keep-alive',
  'accept-encoding' => 'gzip, deflate, br',
  'host' => 'rurujia.com',
  'postman-token' => '432b3f03-f497-46e6-80db-306d552e9435',
  'accept' => '*/*',
  'user-agent' => 'PostmanRuntime/7.26.10',
)
[ info ] [ PARAM ] array (
  'code' => '013hsk0w3w7sVV2yxs2w30WAbs2hsk0l',
)
[ info ] [ LANG ] D:\Program\phpstudy_pro\WWW\rurujia.com\public/../application/wechat\lang\zh-cn.php
[ info ] [ BEHAVIOR ] Run app\common\behavior\Common @module_init [ RunTime:0.004285s ]
[ info ] [ RUN ] app\wechat\controller\Index->login[ D:\Program\phpstudy_pro\WWW\rurujia.com\application\wechat\controller\Index.php ]
[ info ] [ LOG ] INIT File
[ error ] [0]cURL error 60: SSL certificate problem: unable to get local issuer certificate (see https://curl.haxx.se/libcurl/c/libcurl-errors.html)[D:\Program\phpstudy_pro\WWW\rurujia.com\vendor\guzzlehttp\guzzle\src\Handler\CurlFactory.php:201]
---------------------------------------------------------------
[ 2021-03-01T20:48:02+08:00 ] 127.0.0.1 GET rurujia.com/wechat/index/index
[运行时间：0.527763s] [吞吐率：1.89req/s] [内存消耗：3,322.34kb] [文件加载：126]
[ info ] [ BEHAVIOR ] Run Closure @app_init [ RunTime:0.000108s ]
[ info ] [ CACHE ] INIT File
[ info ] [ BEHAVIOR ] Run Closure @app_init [ RunTime:0.013102s ]
[ info ] [ LANG ] D:\Program\phpstudy_pro\WWW\rurujia.com\thinkphp\lang\zh-cn.php
[ info ] [ BEHAVIOR ] Run app\common\behavior\Common @app_dispatch [ RunTime:0.002090s ]
[ info ] [ ROUTE ] array (
  'type' => 'module',
  'module' => 
  array (
    0 => 'wechat',
    1 => 'index',
    2 => 'index',
  ),
)
[ info ] [ HEADER ] array (
  'accept-encoding' => 'gzip, deflate',
  'referer' => 'https://servicewechat.com/wx58b7139d6d6883df/devtools/page-frame.html',
  'accept' => '*/*',
  'content-type' => 'application/json',
  'user-agent' => 'Mozilla/5.0 (iPhone; CPU iPhone OS 11_0 like Mac OS X) AppleWebKit/604.1.38 (KHTML, like Gecko) Version/11.0 Mobile/15A372 Safari/604.1 wechatdevtools/1.05.2102242 MicroMessenger/7.0.4 Language/zh_CN webview/',
  'connection' => 'keep-alive',
  'host' => 'rurujia.com',
  'content-length' => '',
)
[ info ] [ PARAM ] array (
)
[ info ] [ LANG ] D:\Program\phpstudy_pro\WWW\rurujia.com\public/../application/wechat\lang\zh-cn.php
[ info ] [ BEHAVIOR ] Run app\common\behavior\Common @module_init [ RunTime:0.003544s ]
[ info ] [ RUN ] app\wechat\controller\Index->index[ D:\Program\phpstudy_pro\WWW\rurujia.com\application\wechat\controller\Index.php ]
[ info ] [ LOG ] INIT File
---------------------------------------------------------------
[ 2021-03-01T20:48:04+08:00 ] 127.0.0.1 GET rurujia.com/wechat/index/name?name=b-1
[运行时间：0.975146s] [吞吐率：1.03req/s] [内存消耗：3,348.01kb] [文件加载：128]
[ info ] [ BEHAVIOR ] Run Closure @app_init [ RunTime:0.000102s ]
[ info ] [ CACHE ] INIT File
[ info ] [ BEHAVIOR ] Run Closure @app_init [ RunTime:0.104115s ]
[ info ] [ LANG ] D:\Program\phpstudy_pro\WWW\rurujia.com\thinkphp\lang\zh-cn.php
[ info ] [ BEHAVIOR ] Run app\common\behavior\Common @app_dispatch [ RunTime:0.002164s ]
[ info ] [ ROUTE ] array (
  'type' => 'module',
  'module' => 
  array (
    0 => 'wechat',
    1 => 'index',
    2 => 'name',
  ),
)
[ info ] [ HEADER ] array (
  'accept-encoding' => 'gzip, deflate',
  'referer' => 'https://servicewechat.com/wx58b7139d6d6883df/devtools/page-frame.html',
  'accept' => '*/*',
  'content-type' => 'application/json',
  'user-agent' => 'Mozilla/5.0 (iPhone; CPU iPhone OS 11_0 like Mac OS X) AppleWebKit/604.1.38 (KHTML, like Gecko) Version/11.0 Mobile/15A372 Safari/604.1 wechatdevtools/1.05.2102242 MicroMessenger/7.0.4 Language/zh_CN webview/',
  'connection' => 'keep-alive',
  'host' => 'rurujia.com',
  'content-length' => '',
)
[ info ] [ PARAM ] array (
  'name' => 'b-1',
)
[ info ] [ LANG ] D:\Program\phpstudy_pro\WWW\rurujia.com\public/../application/wechat\lang\zh-cn.php
[ info ] [ BEHAVIOR ] Run app\common\behavior\Common @module_init [ RunTime:0.028728s ]
[ info ] [ RUN ] app\wechat\controller\Index->name[ D:\Program\phpstudy_pro\WWW\rurujia.com\application\wechat\controller\Index.php ]
[ info ] [ LOG ] INIT File
