---------------------------------------------------------------
[ 2021-03-15T09:43:34+08:00 ] 127.0.0.1 GET rurujia.com/
[运行时间：0.189736s] [吞吐率：5.27req/s] [内存消耗：3,679.46kb] [文件加载：132]
[ info ] [ BEHAVIOR ] Run Closure @app_init [ RunTime:0.002440s ]
[ info ] [ CACHE ] INIT File
[ info ] [ BEHAVIOR ] Run Closure @app_init [ RunTime:0.009670s ]
[ info ] [ LANG ] D:\Program\phpstudy_pro\WWW\rurujia.com\thinkphp\lang\zh-cn.php
[ info ] [ BEHAVIOR ] Run app\common\behavior\Common @app_dispatch [ RunTime:0.001428s ]
[ info ] [ ROUTE ] array (
  'type' => 'module',
  'module' => 
  array (
    0 => '',
    1 => NULL,
    2 => NULL,
  ),
)
[ info ] [ HEADER ] array (
  'accept-language' => 'zh-CN,zh;q=0.9',
  'accept-encoding' => 'gzip, deflate',
  'accept' => 'text/html,application/xhtml+xml,application/xml;q=0.9,image/avif,image/webp,image/apng,*/*;q=0.8,application/signed-exchange;v=b3;q=0.9',
  'user-agent' => 'Mozilla/5.0 (Windows NT 10.0; Win64; x64) AppleWebKit/537.36 (KHTML, like Gecko) Chrome/89.0.4389.72 Safari/537.36',
  'upgrade-insecure-requests' => '1',
  'cache-control' => 'max-age=0',
  'connection' => 'keep-alive',
  'host' => 'rurujia.com',
  'content-length' => '',
  'content-type' => '',
)
[ info ] [ PARAM ] array (
)
[ info ] [ LANG ] D:\Program\phpstudy_pro\WWW\rurujia.com\public/../application/index\lang\zh-cn.php
[ info ] [ BEHAVIOR ] Run app\common\behavior\Common @module_init [ RunTime:0.002998s ]
[ info ] [ BEHAVIOR ] Run \addons\third\Third @config_init [ RunTime:0.001741s ]
[ info ] [ LANG ] D:\Program\phpstudy_pro\WWW\rurujia.com\public/../application/index/lang/zh-cn/index.php
[ info ] [ RUN ] app\index\controller\Index->index[ D:\Program\phpstudy_pro\WWW\rurujia.com\application\index\controller\Index.php ]
[ info ] [ VIEW ] D:\Program\phpstudy_pro\WWW\rurujia.com\public/../application/index\view\index\index.html [ array (
  0 => 'user',
  1 => 'site',
  2 => 'config',
) ]
[ info ] [ LOG ] INIT File
---------------------------------------------------------------
[ 2021-03-15T10:50:18+08:00 ] 127.0.0.1 GET rurujia.com/wechat/order/place_order?product_id=1
[运行时间：30.118888s] [吞吐率：0.03req/s] [内存消耗：4,520.14kb] [文件加载：138]
[ info ] [ BEHAVIOR ] Run Closure @app_init [ RunTime:0.000082s ]
[ info ] [ CACHE ] INIT File
[ info ] [ BEHAVIOR ] Run Closure @app_init [ RunTime:0.009705s ]
[ info ] [ LANG ] D:\Program\phpstudy_pro\WWW\rurujia.com\thinkphp\lang\zh-cn.php
[ info ] [ BEHAVIOR ] Run app\common\behavior\Common @app_dispatch [ RunTime:0.001369s ]
[ info ] [ ROUTE ] array (
  'type' => 'module',
  'module' => 
  array (
    0 => 'wechat',
    1 => 'order',
    2 => 'place_order',
  ),
)
[ info ] [ HEADER ] array (
  'connection' => 'keep-alive',
  'accept-encoding' => 'gzip, deflate, br',
  'host' => 'rurujia.com',
  'postman-token' => 'edd95bb4-35d0-411e-93db-94daede62fac',
  'accept' => '*/*',
  'user-agent' => 'PostmanRuntime/7.26.10',
  'token' => '0ab8a330-7e35-4023-aa06-1dcc019f7f3b',
  'content-length' => '',
  'content-type' => '',
)
[ info ] [ PARAM ] array (
  'product_id' => '1',
)
[ info ] [ LANG ] D:\Program\phpstudy_pro\WWW\rurujia.com\public/../application/wechat\lang\zh-cn.php
[ info ] [ BEHAVIOR ] Run app\common\behavior\Common @module_init [ RunTime:0.008143s ]
[ info ] [ TOKEN ] INIT Mysql
[ info ] [ DB ] INIT mysql
[ info ] [ RUN ] app\wechat\controller\Order->place_order[ D:\Program\phpstudy_pro\WWW\rurujia.com\application\wechat\controller\Order.php ]
[ info ] [ LOG ] INIT File
---------------------------------------------------------------
[ 2021-03-15T10:52:43+08:00 ] 127.0.0.1 GET rurujia.com/wechat/order/place_order?product_id=1
[运行时间：137.912011s] [吞吐率：0.01req/s] [内存消耗：4,487.52kb] [文件加载：136]
[ info ] [ BEHAVIOR ] Run Closure @app_init [ RunTime:0.000137s ]
[ info ] [ CACHE ] INIT File
[ info ] [ BEHAVIOR ] Run Closure @app_init [ RunTime:0.010252s ]
[ info ] [ LANG ] D:\Program\phpstudy_pro\WWW\rurujia.com\thinkphp\lang\zh-cn.php
[ info ] [ BEHAVIOR ] Run app\common\behavior\Common @app_dispatch [ RunTime:0.001218s ]
[ info ] [ ROUTE ] array (
  'type' => 'module',
  'module' => 
  array (
    0 => 'wechat',
    1 => 'order',
    2 => 'place_order',
  ),
)
[ info ] [ HEADER ] array (
  'connection' => 'keep-alive',
  'accept-encoding' => 'gzip, deflate, br',
  'host' => 'rurujia.com',
  'postman-token' => '06ca97de-1e31-4178-b5a6-4c5c10d859b7',
  'accept' => '*/*',
  'user-agent' => 'PostmanRuntime/7.26.10',
  'token' => '0ab8a330-7e35-4023-aa06-1dcc019f7f3b',
  'content-length' => '',
  'content-type' => '',
)
[ info ] [ PARAM ] array (
  'product_id' => '1',
)
[ info ] [ LANG ] D:\Program\phpstudy_pro\WWW\rurujia.com\public/../application/wechat\lang\zh-cn.php
[ info ] [ BEHAVIOR ] Run app\common\behavior\Common @module_init [ RunTime:0.003338s ]
[ info ] [ TOKEN ] INIT Mysql
[ info ] [ DB ] INIT mysql
[ info ] [ RUN ] app\wechat\controller\Order->place_order[ D:\Program\phpstudy_pro\WWW\rurujia.com\application\wechat\controller\Order.php ]
[ info ] [ LOG ] INIT File
