---------------------------------------------------------------
[ 2021-03-16T14:42:30+08:00 ] 127.0.0.1 GET rurujia.com/wechat/order/place_order?product_id=4&total_count=2
[运行时间：0.608084s] [吞吐率：1.64req/s] [内存消耗：4,434.94kb] [文件加载：136]
[ info ] [ BEHAVIOR ] Run Closure @app_init [ RunTime:0.002425s ]
[ info ] [ CACHE ] INIT File
[ info ] [ BEHAVIOR ] Run Closure @app_init [ RunTime:0.010136s ]
[ info ] [ LANG ] D:\Program\phpstudy_pro\WWW\rurujia.com\thinkphp\lang\zh-cn.php
[ info ] [ BEHAVIOR ] Run app\common\behavior\Common @app_dispatch [ RunTime:0.001864s ]
[ info ] [ ROUTE ] array (
  'type' => 'module',
  'module' => 
  array (
    0 => 'wechat',
    1 => 'order',
    2 => 'place_order',
  ),
)
[ info ] [ HEADER ] array (
  'connection' => 'keep-alive',
  'accept-encoding' => 'gzip, deflate, br',
  'host' => 'rurujia.com',
  'postman-token' => 'b41aef17-530c-49d3-92d8-35c2f2180795',
  'accept' => '*/*',
  'user-agent' => 'PostmanRuntime/7.26.10',
  'token' => '0ab8a330-7e35-4023-aa06-1dcc019f7f3b',
  'content-length' => '',
  'content-type' => '',
)
[ info ] [ PARAM ] array (
  'product_id' => '4',
  'total_count' => '2',
)
[ info ] [ LANG ] D:\Program\phpstudy_pro\WWW\rurujia.com\public/../application/wechat\lang\zh-cn.php
[ info ] [ BEHAVIOR ] Run app\common\behavior\Common @module_init [ RunTime:0.004198s ]
[ info ] [ TOKEN ] INIT Mysql
[ info ] [ DB ] INIT mysql
[ info ] [ LOG ] INIT File
---------------------------------------------------------------
[ 2021-03-16T14:42:42+08:00 ] 127.0.0.1 GET rurujia.com/wechat/order/place_order?product_id=4&total_count=2
[运行时间：0.684814s] [吞吐率：1.46req/s] [内存消耗：4,642.78kb] [文件加载：144]
[ info ] [ BEHAVIOR ] Run Closure @app_init [ RunTime:0.000068s ]
[ info ] [ CACHE ] INIT File
[ info ] [ BEHAVIOR ] Run Closure @app_init [ RunTime:0.006034s ]
[ info ] [ LANG ] D:\Program\phpstudy_pro\WWW\rurujia.com\thinkphp\lang\zh-cn.php
[ info ] [ BEHAVIOR ] Run app\common\behavior\Common @app_dispatch [ RunTime:0.000809s ]
[ info ] [ ROUTE ] array (
  'type' => 'module',
  'module' => 
  array (
    0 => 'wechat',
    1 => 'order',
    2 => 'place_order',
  ),
)
[ info ] [ HEADER ] array (
  'connection' => 'keep-alive',
  'accept-encoding' => 'gzip, deflate, br',
  'host' => 'rurujia.com',
  'postman-token' => 'ef27b9ef-b08b-4089-8d7e-5d139656b015',
  'accept' => '*/*',
  'user-agent' => 'PostmanRuntime/7.26.10',
  'token' => '0ab8a330-7e35-4023-aa06-1dcc019f7f3b',
  'content-length' => '',
  'content-type' => '',
)
[ info ] [ PARAM ] array (
  'product_id' => '4',
  'total_count' => '2',
)
[ info ] [ LANG ] D:\Program\phpstudy_pro\WWW\rurujia.com\public/../application/wechat\lang\zh-cn.php
[ info ] [ BEHAVIOR ] Run app\common\behavior\Common @module_init [ RunTime:0.002061s ]
[ info ] [ TOKEN ] INIT Mysql
[ info ] [ DB ] INIT mysql
[ info ] [ RUN ] app\wechat\controller\Order->place_order[ D:\Program\phpstudy_pro\WWW\rurujia.com\application\wechat\controller\Order.php ]
[ info ] [ LOG ] INIT File
[ error ] [0]致命错误: Call to a member function toArray() on null[D:\Program\phpstudy_pro\WWW\rurujia.com\application\common\library\Auth.php:469]
---------------------------------------------------------------
[ 2021-03-16T14:43:42+08:00 ] 127.0.0.1 GET rurujia.com/wechat/order/place_order?product_id=4&total_count=2
[运行时间：0.604128s] [吞吐率：1.66req/s] [内存消耗：4,642.78kb] [文件加载：144]
[ info ] [ BEHAVIOR ] Run Closure @app_init [ RunTime:0.000077s ]
[ info ] [ CACHE ] INIT File
[ info ] [ BEHAVIOR ] Run Closure @app_init [ RunTime:0.007318s ]
[ info ] [ LANG ] D:\Program\phpstudy_pro\WWW\rurujia.com\thinkphp\lang\zh-cn.php
[ info ] [ BEHAVIOR ] Run app\common\behavior\Common @app_dispatch [ RunTime:0.000828s ]
[ info ] [ ROUTE ] array (
  'type' => 'module',
  'module' => 
  array (
    0 => 'wechat',
    1 => 'order',
    2 => 'place_order',
  ),
)
[ info ] [ HEADER ] array (
  'connection' => 'keep-alive',
  'accept-encoding' => 'gzip, deflate, br',
  'host' => 'rurujia.com',
  'postman-token' => '70e83857-44f6-4607-9f93-09acb2764739',
  'accept' => '*/*',
  'user-agent' => 'PostmanRuntime/7.26.10',
  'token' => '0ab8a330-7e35-4023-aa06-1dcc019f7f3b',
  'content-length' => '',
  'content-type' => '',
)
[ info ] [ PARAM ] array (
  'product_id' => '4',
  'total_count' => '2',
)
[ info ] [ LANG ] D:\Program\phpstudy_pro\WWW\rurujia.com\public/../application/wechat\lang\zh-cn.php
[ info ] [ BEHAVIOR ] Run app\common\behavior\Common @module_init [ RunTime:0.001859s ]
[ info ] [ TOKEN ] INIT Mysql
[ info ] [ DB ] INIT mysql
[ info ] [ RUN ] app\wechat\controller\Order->place_order[ D:\Program\phpstudy_pro\WWW\rurujia.com\application\wechat\controller\Order.php ]
[ info ] [ LOG ] INIT File
[ error ] [0]致命错误: Call to a member function toArray() on null[D:\Program\phpstudy_pro\WWW\rurujia.com\application\common\library\Auth.php:469]
---------------------------------------------------------------
[ 2021-03-16T14:45:44+08:00 ] 127.0.0.1 GET rurujia.com/wechat/order/place_order?product_id=4&total_count=2
[运行时间：94.414283s] [吞吐率：0.01req/s] [内存消耗：4,526.39kb] [文件加载：139]
[ info ] [ BEHAVIOR ] Run Closure @app_init [ RunTime:0.000065s ]
[ info ] [ CACHE ] INIT File
[ info ] [ BEHAVIOR ] Run Closure @app_init [ RunTime:0.005722s ]
[ info ] [ LANG ] D:\Program\phpstudy_pro\WWW\rurujia.com\thinkphp\lang\zh-cn.php
[ info ] [ BEHAVIOR ] Run app\common\behavior\Common @app_dispatch [ RunTime:0.001014s ]
[ info ] [ ROUTE ] array (
  'type' => 'module',
  'module' => 
  array (
    0 => 'wechat',
    1 => 'order',
    2 => 'place_order',
  ),
)
[ info ] [ HEADER ] array (
  'connection' => 'keep-alive',
  'accept-encoding' => 'gzip, deflate, br',
  'host' => 'rurujia.com',
  'postman-token' => '2c336122-39c0-440a-8a3d-f226ffc43b3b',
  'accept' => '*/*',
  'user-agent' => 'PostmanRuntime/7.26.10',
  'token' => '0ab8a330-7e35-4023-aa06-1dcc019f7f3b',
  'content-length' => '',
  'content-type' => '',
)
[ info ] [ PARAM ] array (
  'product_id' => '4',
  'total_count' => '2',
)
[ info ] [ LANG ] D:\Program\phpstudy_pro\WWW\rurujia.com\public/../application/wechat\lang\zh-cn.php
[ info ] [ BEHAVIOR ] Run app\common\behavior\Common @module_init [ RunTime:0.002242s ]
[ info ] [ TOKEN ] INIT Mysql
[ info ] [ DB ] INIT mysql
[ info ] [ RUN ] app\wechat\controller\Order->place_order[ D:\Program\phpstudy_pro\WWW\rurujia.com\application\wechat\controller\Order.php ]
[ info ] [ LOG ] INIT File
---------------------------------------------------------------
[ 2021-03-16T14:46:26+08:00 ] 127.0.0.1 GET rurujia.com/wechat/order/place_order?product_id=4&total_count=2
[运行时间：0.744960s] [吞吐率：1.34req/s] [内存消耗：4,579.81kb] [文件加载：143]
[ info ] [ BEHAVIOR ] Run Closure @app_init [ RunTime:0.000126s ]
[ info ] [ CACHE ] INIT File
[ info ] [ BEHAVIOR ] Run Closure @app_init [ RunTime:0.011790s ]
[ info ] [ LANG ] D:\Program\phpstudy_pro\WWW\rurujia.com\thinkphp\lang\zh-cn.php
[ info ] [ BEHAVIOR ] Run app\common\behavior\Common @app_dispatch [ RunTime:0.002487s ]
[ info ] [ ROUTE ] array (
  'type' => 'module',
  'module' => 
  array (
    0 => 'wechat',
    1 => 'order',
    2 => 'place_order',
  ),
)
[ info ] [ HEADER ] array (
  'connection' => 'keep-alive',
  'accept-encoding' => 'gzip, deflate, br',
  'host' => 'rurujia.com',
  'postman-token' => 'b59e701a-903e-4d11-9338-7c9136c322f3',
  'accept' => '*/*',
  'user-agent' => 'PostmanRuntime/7.26.10',
  'token' => '0ab8a330-7e35-4023-aa06-1dcc019f7f3b',
  'content-length' => '',
  'content-type' => '',
)
[ info ] [ PARAM ] array (
  'product_id' => '4',
  'total_count' => '2',
)
[ info ] [ LANG ] D:\Program\phpstudy_pro\WWW\rurujia.com\public/../application/wechat\lang\zh-cn.php
[ info ] [ BEHAVIOR ] Run app\common\behavior\Common @module_init [ RunTime:0.002282s ]
[ info ] [ TOKEN ] INIT Mysql
[ info ] [ DB ] INIT mysql
[ info ] [ RUN ] app\wechat\controller\Order->place_order[ D:\Program\phpstudy_pro\WWW\rurujia.com\application\wechat\controller\Order.php ]
[ info ] [ LOG ] INIT File
---------------------------------------------------------------
[ 2021-03-16T15:54:48+08:00 ] 127.0.0.1 GET rurujia.com/wechat/pay/false_pay?order_id=27
[运行时间：45.514707s] [吞吐率：0.02req/s] [内存消耗：4,475.70kb] [文件加载：137]
[ info ] [ BEHAVIOR ] Run Closure @app_init [ RunTime:0.000080s ]
[ info ] [ CACHE ] INIT File
[ info ] [ BEHAVIOR ] Run Closure @app_init [ RunTime:0.007242s ]
[ info ] [ LANG ] D:\Program\phpstudy_pro\WWW\rurujia.com\thinkphp\lang\zh-cn.php
[ info ] [ BEHAVIOR ] Run app\common\behavior\Common @app_dispatch [ RunTime:0.001145s ]
[ info ] [ ROUTE ] array (
  'type' => 'module',
  'module' => 
  array (
    0 => 'wechat',
    1 => 'pay',
    2 => 'false_pay',
  ),
)
[ info ] [ HEADER ] array (
  'connection' => 'keep-alive',
  'accept-encoding' => 'gzip, deflate, br',
  'host' => 'rurujia.com',
  'postman-token' => '3a7e3701-532a-4ca0-827c-c70e68311482',
  'accept' => '*/*',
  'user-agent' => 'PostmanRuntime/7.26.10',
  'token' => '0ab8a330-7e35-4023-aa06-1dcc019f7f3b',
  'content-length' => '',
  'content-type' => '',
)
[ info ] [ PARAM ] array (
  'order_id' => '27',
)
[ info ] [ LANG ] D:\Program\phpstudy_pro\WWW\rurujia.com\public/../application/wechat\lang\zh-cn.php
[ info ] [ BEHAVIOR ] Run app\common\behavior\Common @module_init [ RunTime:0.002341s ]
[ info ] [ TOKEN ] INIT Mysql
[ info ] [ DB ] INIT mysql
[ info ] [ RUN ] app\wechat\controller\Pay->false_pay[ D:\Program\phpstudy_pro\WWW\rurujia.com\application\wechat\controller\Pay.php ]
[ info ] [ LOG ] INIT File
---------------------------------------------------------------
[ 2021-03-16T15:55:54+08:00 ] 127.0.0.1 GET rurujia.com/wechat/pay/false_pay?order_id=27
[运行时间：0.678965s] [吞吐率：1.47req/s] [内存消耗：4,565.98kb] [文件加载：141]
[ info ] [ BEHAVIOR ] Run Closure @app_init [ RunTime:0.000157s ]
[ info ] [ CACHE ] INIT File
[ info ] [ BEHAVIOR ] Run Closure @app_init [ RunTime:0.005630s ]
[ info ] [ LANG ] D:\Program\phpstudy_pro\WWW\rurujia.com\thinkphp\lang\zh-cn.php
[ info ] [ BEHAVIOR ] Run app\common\behavior\Common @app_dispatch [ RunTime:0.000832s ]
[ info ] [ ROUTE ] array (
  'type' => 'module',
  'module' => 
  array (
    0 => 'wechat',
    1 => 'pay',
    2 => 'false_pay',
  ),
)
[ info ] [ HEADER ] array (
  'connection' => 'keep-alive',
  'accept-encoding' => 'gzip, deflate, br',
  'host' => 'rurujia.com',
  'postman-token' => '0ef48b27-f2ca-466b-887f-3f8c30793150',
  'accept' => '*/*',
  'user-agent' => 'PostmanRuntime/7.26.10',
  'token' => '0ab8a330-7e35-4023-aa06-1dcc019f7f3b',
  'content-length' => '',
  'content-type' => '',
)
[ info ] [ PARAM ] array (
  'order_id' => '27',
)
[ info ] [ LANG ] D:\Program\phpstudy_pro\WWW\rurujia.com\public/../application/wechat\lang\zh-cn.php
[ info ] [ BEHAVIOR ] Run app\common\behavior\Common @module_init [ RunTime:0.002237s ]
[ info ] [ TOKEN ] INIT Mysql
[ info ] [ DB ] INIT mysql
[ info ] [ RUN ] app\wechat\controller\Pay->false_pay[ D:\Program\phpstudy_pro\WWW\rurujia.com\application\wechat\controller\Pay.php ]
[ info ] [ LOG ] INIT File
---------------------------------------------------------------
[ 2021-03-16T15:59:31+08:00 ] 127.0.0.1 GET rurujia.com/wechat/pay/false_pay?order_id=27
[运行时间：0.676141s] [吞吐率：1.48req/s] [内存消耗：4,565.54kb] [文件加载：141]
[ info ] [ BEHAVIOR ] Run Closure @app_init [ RunTime:0.000065s ]
[ info ] [ CACHE ] INIT File
[ info ] [ BEHAVIOR ] Run Closure @app_init [ RunTime:0.009869s ]
[ info ] [ LANG ] D:\Program\phpstudy_pro\WWW\rurujia.com\thinkphp\lang\zh-cn.php
[ info ] [ BEHAVIOR ] Run app\common\behavior\Common @app_dispatch [ RunTime:0.001162s ]
[ info ] [ ROUTE ] array (
  'type' => 'module',
  'module' => 
  array (
    0 => 'wechat',
    1 => 'pay',
    2 => 'false_pay',
  ),
)
[ info ] [ HEADER ] array (
  'connection' => 'keep-alive',
  'accept-encoding' => 'gzip, deflate, br',
  'host' => 'rurujia.com',
  'postman-token' => 'ccd302d0-f51b-412e-bcb5-f10055506453',
  'accept' => '*/*',
  'user-agent' => 'PostmanRuntime/7.26.10',
  'token' => '0ab8a330-7e35-4023-aa06-1dcc019f7f3b',
  'content-length' => '',
  'content-type' => '',
)
[ info ] [ PARAM ] array (
  'order_id' => '27',
)
[ info ] [ LANG ] D:\Program\phpstudy_pro\WWW\rurujia.com\public/../application/wechat\lang\zh-cn.php
[ info ] [ BEHAVIOR ] Run app\common\behavior\Common @module_init [ RunTime:0.003339s ]
[ info ] [ TOKEN ] INIT Mysql
[ info ] [ DB ] INIT mysql
[ info ] [ RUN ] app\wechat\controller\Pay->false_pay[ D:\Program\phpstudy_pro\WWW\rurujia.com\application\wechat\controller\Pay.php ]
[ info ] [ LOG ] INIT File
---------------------------------------------------------------
[ 2021-03-16T15:59:44+08:00 ] 127.0.0.1 GET rurujia.com/wechat/pay/false_pay?order_id=27
[运行时间：0.634888s] [吞吐率：1.58req/s] [内存消耗：4,565.54kb] [文件加载：141]
[ info ] [ BEHAVIOR ] Run Closure @app_init [ RunTime:0.000066s ]
[ info ] [ CACHE ] INIT File
[ info ] [ BEHAVIOR ] Run Closure @app_init [ RunTime:0.005180s ]
[ info ] [ LANG ] D:\Program\phpstudy_pro\WWW\rurujia.com\thinkphp\lang\zh-cn.php
[ info ] [ BEHAVIOR ] Run app\common\behavior\Common @app_dispatch [ RunTime:0.001053s ]
[ info ] [ ROUTE ] array (
  'type' => 'module',
  'module' => 
  array (
    0 => 'wechat',
    1 => 'pay',
    2 => 'false_pay',
  ),
)
[ info ] [ HEADER ] array (
  'connection' => 'keep-alive',
  'accept-encoding' => 'gzip, deflate, br',
  'host' => 'rurujia.com',
  'postman-token' => '8d799ab2-28b5-4eb3-978c-ffe1c5a696a3',
  'accept' => '*/*',
  'user-agent' => 'PostmanRuntime/7.26.10',
  'token' => '0ab8a330-7e35-4023-aa06-1dcc019f7f3b',
  'content-length' => '',
  'content-type' => '',
)
[ info ] [ PARAM ] array (
  'order_id' => '27',
)
[ info ] [ LANG ] D:\Program\phpstudy_pro\WWW\rurujia.com\public/../application/wechat\lang\zh-cn.php
[ info ] [ BEHAVIOR ] Run app\common\behavior\Common @module_init [ RunTime:0.002271s ]
[ info ] [ TOKEN ] INIT Mysql
[ info ] [ DB ] INIT mysql
[ info ] [ RUN ] app\wechat\controller\Pay->false_pay[ D:\Program\phpstudy_pro\WWW\rurujia.com\application\wechat\controller\Pay.php ]
[ info ] [ LOG ] INIT File
---------------------------------------------------------------
[ 2021-03-16T15:59:57+08:00 ] 127.0.0.1 GET rurujia.com/wechat/pay/false_pay?order_id=27
[运行时间：0.689312s] [吞吐率：1.45req/s] [内存消耗：4,565.54kb] [文件加载：141]
[ info ] [ BEHAVIOR ] Run Closure @app_init [ RunTime:0.000068s ]
[ info ] [ CACHE ] INIT File
[ info ] [ BEHAVIOR ] Run Closure @app_init [ RunTime:0.005647s ]
[ info ] [ LANG ] D:\Program\phpstudy_pro\WWW\rurujia.com\thinkphp\lang\zh-cn.php
[ info ] [ BEHAVIOR ] Run app\common\behavior\Common @app_dispatch [ RunTime:0.001959s ]
[ info ] [ ROUTE ] array (
  'type' => 'module',
  'module' => 
  array (
    0 => 'wechat',
    1 => 'pay',
    2 => 'false_pay',
  ),
)
[ info ] [ HEADER ] array (
  'connection' => 'keep-alive',
  'accept-encoding' => 'gzip, deflate, br',
  'host' => 'rurujia.com',
  'postman-token' => 'd069a9ab-a711-47ff-9678-ec03fa1e8c9d',
  'accept' => '*/*',
  'user-agent' => 'PostmanRuntime/7.26.10',
  'token' => '0ab8a330-7e35-4023-aa06-1dcc019f7f3b',
  'content-length' => '',
  'content-type' => '',
)
[ info ] [ PARAM ] array (
  'order_id' => '27',
)
[ info ] [ LANG ] D:\Program\phpstudy_pro\WWW\rurujia.com\public/../application/wechat\lang\zh-cn.php
[ info ] [ BEHAVIOR ] Run app\common\behavior\Common @module_init [ RunTime:0.009358s ]
[ info ] [ TOKEN ] INIT Mysql
[ info ] [ DB ] INIT mysql
[ info ] [ RUN ] app\wechat\controller\Pay->false_pay[ D:\Program\phpstudy_pro\WWW\rurujia.com\application\wechat\controller\Pay.php ]
[ info ] [ LOG ] INIT File
---------------------------------------------------------------
[ 2021-03-16T16:00:14+08:00 ] 127.0.0.1 GET rurujia.com/wechat/pay/false_pay?order_id=27
[运行时间：0.631303s] [吞吐率：1.58req/s] [内存消耗：4,565.54kb] [文件加载：141]
[ info ] [ BEHAVIOR ] Run Closure @app_init [ RunTime:0.000064s ]
[ info ] [ CACHE ] INIT File
[ info ] [ BEHAVIOR ] Run Closure @app_init [ RunTime:0.008438s ]
[ info ] [ LANG ] D:\Program\phpstudy_pro\WWW\rurujia.com\thinkphp\lang\zh-cn.php
[ info ] [ BEHAVIOR ] Run app\common\behavior\Common @app_dispatch [ RunTime:0.000818s ]
[ info ] [ ROUTE ] array (
  'type' => 'module',
  'module' => 
  array (
    0 => 'wechat',
    1 => 'pay',
    2 => 'false_pay',
  ),
)
[ info ] [ HEADER ] array (
  'connection' => 'keep-alive',
  'accept-encoding' => 'gzip, deflate, br',
  'host' => 'rurujia.com',
  'postman-token' => 'b21ce7d6-97fd-42f8-a3bd-6839ef5d4a5f',
  'accept' => '*/*',
  'user-agent' => 'PostmanRuntime/7.26.10',
  'token' => '0ab8a330-7e35-4023-aa06-1dcc019f7f3b',
  'content-length' => '',
  'content-type' => '',
)
[ info ] [ PARAM ] array (
  'order_id' => '27',
)
[ info ] [ LANG ] D:\Program\phpstudy_pro\WWW\rurujia.com\public/../application/wechat\lang\zh-cn.php
[ info ] [ BEHAVIOR ] Run app\common\behavior\Common @module_init [ RunTime:0.001841s ]
[ info ] [ TOKEN ] INIT Mysql
[ info ] [ DB ] INIT mysql
[ info ] [ RUN ] app\wechat\controller\Pay->false_pay[ D:\Program\phpstudy_pro\WWW\rurujia.com\application\wechat\controller\Pay.php ]
[ info ] [ LOG ] INIT File
---------------------------------------------------------------
[ 2021-03-16T16:00:24+08:00 ] 127.0.0.1 GET rurujia.com/wechat/pay/false_pay?order_id=27
[运行时间：0.621462s] [吞吐率：1.61req/s] [内存消耗：4,565.54kb] [文件加载：141]
[ info ] [ BEHAVIOR ] Run Closure @app_init [ RunTime:0.000065s ]
[ info ] [ CACHE ] INIT File
[ info ] [ BEHAVIOR ] Run Closure @app_init [ RunTime:0.007331s ]
[ info ] [ LANG ] D:\Program\phpstudy_pro\WWW\rurujia.com\thinkphp\lang\zh-cn.php
[ info ] [ BEHAVIOR ] Run app\common\behavior\Common @app_dispatch [ RunTime:0.000796s ]
[ info ] [ ROUTE ] array (
  'type' => 'module',
  'module' => 
  array (
    0 => 'wechat',
    1 => 'pay',
    2 => 'false_pay',
  ),
)
[ info ] [ HEADER ] array (
  'connection' => 'keep-alive',
  'accept-encoding' => 'gzip, deflate, br',
  'host' => 'rurujia.com',
  'postman-token' => '835fb58d-d38a-47ac-99f1-76daf5e5879f',
  'accept' => '*/*',
  'user-agent' => 'PostmanRuntime/7.26.10',
  'token' => '0ab8a330-7e35-4023-aa06-1dcc019f7f3b',
  'content-length' => '',
  'content-type' => '',
)
[ info ] [ PARAM ] array (
  'order_id' => '27',
)
[ info ] [ LANG ] D:\Program\phpstudy_pro\WWW\rurujia.com\public/../application/wechat\lang\zh-cn.php
[ info ] [ BEHAVIOR ] Run app\common\behavior\Common @module_init [ RunTime:0.001916s ]
[ info ] [ TOKEN ] INIT Mysql
[ info ] [ DB ] INIT mysql
[ info ] [ RUN ] app\wechat\controller\Pay->false_pay[ D:\Program\phpstudy_pro\WWW\rurujia.com\application\wechat\controller\Pay.php ]
[ info ] [ LOG ] INIT File
---------------------------------------------------------------
[ 2021-03-16T16:00:32+08:00 ] 127.0.0.1 GET rurujia.com/wechat/pay/false_pay?order_id=27
[运行时间：0.676330s] [吞吐率：1.48req/s] [内存消耗：4,565.54kb] [文件加载：141]
[ info ] [ BEHAVIOR ] Run Closure @app_init [ RunTime:0.000069s ]
[ info ] [ CACHE ] INIT File
[ info ] [ BEHAVIOR ] Run Closure @app_init [ RunTime:0.008735s ]
[ info ] [ LANG ] D:\Program\phpstudy_pro\WWW\rurujia.com\thinkphp\lang\zh-cn.php
[ info ] [ BEHAVIOR ] Run app\common\behavior\Common @app_dispatch [ RunTime:0.000855s ]
[ info ] [ ROUTE ] array (
  'type' => 'module',
  'module' => 
  array (
    0 => 'wechat',
    1 => 'pay',
    2 => 'false_pay',
  ),
)
[ info ] [ HEADER ] array (
  'connection' => 'keep-alive',
  'accept-encoding' => 'gzip, deflate, br',
  'host' => 'rurujia.com',
  'postman-token' => 'b5def2ce-73c6-4396-81a3-64cfcdfdf0db',
  'accept' => '*/*',
  'user-agent' => 'PostmanRuntime/7.26.10',
  'token' => '0ab8a330-7e35-4023-aa06-1dcc019f7f3b',
  'content-length' => '',
  'content-type' => '',
)
[ info ] [ PARAM ] array (
  'order_id' => '27',
)
[ info ] [ LANG ] D:\Program\phpstudy_pro\WWW\rurujia.com\public/../application/wechat\lang\zh-cn.php
[ info ] [ BEHAVIOR ] Run app\common\behavior\Common @module_init [ RunTime:0.001912s ]
[ info ] [ TOKEN ] INIT Mysql
[ info ] [ DB ] INIT mysql
[ info ] [ RUN ] app\wechat\controller\Pay->false_pay[ D:\Program\phpstudy_pro\WWW\rurujia.com\application\wechat\controller\Pay.php ]
[ info ] [ LOG ] INIT File
---------------------------------------------------------------
[ 2021-03-16T16:02:08+08:00 ] 127.0.0.1 GET rurujia.com/wechat/pay/false_pay?order_id=27
[运行时间：0.684053s] [吞吐率：1.46req/s] [内存消耗：4,565.54kb] [文件加载：141]
[ info ] [ BEHAVIOR ] Run Closure @app_init [ RunTime:0.000075s ]
[ info ] [ CACHE ] INIT File
[ info ] [ BEHAVIOR ] Run Closure @app_init [ RunTime:0.009233s ]
[ info ] [ LANG ] D:\Program\phpstudy_pro\WWW\rurujia.com\thinkphp\lang\zh-cn.php
[ info ] [ BEHAVIOR ] Run app\common\behavior\Common @app_dispatch [ RunTime:0.003830s ]
[ info ] [ ROUTE ] array (
  'type' => 'module',
  'module' => 
  array (
    0 => 'wechat',
    1 => 'pay',
    2 => 'false_pay',
  ),
)
[ info ] [ HEADER ] array (
  'connection' => 'keep-alive',
  'accept-encoding' => 'gzip, deflate, br',
  'host' => 'rurujia.com',
  'postman-token' => 'f5bfc076-6f98-46c1-8de8-3791c20a0b65',
  'accept' => '*/*',
  'user-agent' => 'PostmanRuntime/7.26.10',
  'token' => '0ab8a330-7e35-4023-aa06-1dcc019f7f3b',
  'content-length' => '',
  'content-type' => '',
)
[ info ] [ PARAM ] array (
  'order_id' => '27',
)
[ info ] [ LANG ] D:\Program\phpstudy_pro\WWW\rurujia.com\public/../application/wechat\lang\zh-cn.php
[ info ] [ BEHAVIOR ] Run app\common\behavior\Common @module_init [ RunTime:0.005913s ]
[ info ] [ TOKEN ] INIT Mysql
[ info ] [ DB ] INIT mysql
[ info ] [ RUN ] app\wechat\controller\Pay->false_pay[ D:\Program\phpstudy_pro\WWW\rurujia.com\application\wechat\controller\Pay.php ]
[ info ] [ LOG ] INIT File
---------------------------------------------------------------
[ 2021-03-16T16:02:22+08:00 ] 127.0.0.1 GET rurujia.com/wechat/pay/false_pay?order_id=21
[运行时间：0.695364s] [吞吐率：1.44req/s] [内存消耗：4,533.51kb] [文件加载：141]
[ info ] [ BEHAVIOR ] Run Closure @app_init [ RunTime:0.000094s ]
[ info ] [ CACHE ] INIT File
[ info ] [ BEHAVIOR ] Run Closure @app_init [ RunTime:0.005401s ]
[ info ] [ LANG ] D:\Program\phpstudy_pro\WWW\rurujia.com\thinkphp\lang\zh-cn.php
[ info ] [ BEHAVIOR ] Run app\common\behavior\Common @app_dispatch [ RunTime:0.001332s ]
[ info ] [ ROUTE ] array (
  'type' => 'module',
  'module' => 
  array (
    0 => 'wechat',
    1 => 'pay',
    2 => 'false_pay',
  ),
)
[ info ] [ HEADER ] array (
  'connection' => 'keep-alive',
  'accept-encoding' => 'gzip, deflate, br',
  'host' => 'rurujia.com',
  'postman-token' => '3ae4d6a7-d48d-422a-b730-bff031c724aa',
  'accept' => '*/*',
  'user-agent' => 'PostmanRuntime/7.26.10',
  'token' => '0ab8a330-7e35-4023-aa06-1dcc019f7f3b',
  'content-length' => '',
  'content-type' => '',
)
[ info ] [ PARAM ] array (
  'order_id' => '21',
)
[ info ] [ LANG ] D:\Program\phpstudy_pro\WWW\rurujia.com\public/../application/wechat\lang\zh-cn.php
[ info ] [ BEHAVIOR ] Run app\common\behavior\Common @module_init [ RunTime:0.002768s ]
[ info ] [ TOKEN ] INIT Mysql
[ info ] [ DB ] INIT mysql
[ info ] [ RUN ] app\wechat\controller\Pay->false_pay[ D:\Program\phpstudy_pro\WWW\rurujia.com\application\wechat\controller\Pay.php ]
[ info ] [ LOG ] INIT File
---------------------------------------------------------------
[ 2021-03-16T16:30:46+08:00 ] 127.0.0.1 POST rurujia.com/wechat/index/init
[运行时间：1.542224s] [吞吐率：0.65req/s] [内存消耗：4,440.56kb] [文件加载：136]
[ info ] [ BEHAVIOR ] Run Closure @app_init [ RunTime:0.000131s ]
[ info ] [ CACHE ] INIT File
[ info ] [ BEHAVIOR ] Run Closure @app_init [ RunTime:0.008768s ]
[ info ] [ LANG ] D:\Program\phpstudy_pro\WWW\rurujia.com\thinkphp\lang\zh-cn.php
[ info ] [ BEHAVIOR ] Run app\common\behavior\Common @app_dispatch [ RunTime:0.001186s ]
[ info ] [ ROUTE ] array (
  'type' => 'module',
  'module' => 
  array (
    0 => 'wechat',
    1 => 'index',
    2 => 'init',
  ),
)
[ info ] [ HEADER ] array (
  'content-length' => '0',
  'connection' => 'keep-alive',
  'accept-encoding' => 'gzip, deflate, br',
  'host' => 'rurujia.com',
  'postman-token' => '353348cd-2328-4a94-b938-4e5bbf78aea4',
  'accept' => '*/*',
  'user-agent' => 'PostmanRuntime/7.26.10',
  'token' => '0ab8a330-7e35-4023-aa06-1dcc019f7f3b',
  'content-type' => '',
)
[ info ] [ PARAM ] array (
)
[ info ] [ LANG ] D:\Program\phpstudy_pro\WWW\rurujia.com\public/../application/wechat\lang\zh-cn.php
[ info ] [ BEHAVIOR ] Run app\common\behavior\Common @module_init [ RunTime:0.002705s ]
[ info ] [ TOKEN ] INIT Mysql
[ info ] [ DB ] INIT mysql
[ info ] [ LOG ] INIT File
---------------------------------------------------------------
[ 2021-03-16T16:31:10+08:00 ] 127.0.0.1 POST rurujia.com/wechat/index/init
[运行时间：0.606912s] [吞吐率：1.65req/s] [内存消耗：4,612.49kb] [文件加载：141]
[ info ] [ BEHAVIOR ] Run Closure @app_init [ RunTime:0.000065s ]
[ info ] [ CACHE ] INIT File
[ info ] [ BEHAVIOR ] Run Closure @app_init [ RunTime:0.008010s ]
[ info ] [ LANG ] D:\Program\phpstudy_pro\WWW\rurujia.com\thinkphp\lang\zh-cn.php
[ info ] [ BEHAVIOR ] Run app\common\behavior\Common @app_dispatch [ RunTime:0.000911s ]
[ info ] [ ROUTE ] array (
  'type' => 'module',
  'module' => 
  array (
    0 => 'wechat',
    1 => 'index',
    2 => 'init',
  ),
)
[ info ] [ HEADER ] array (
  'content-length' => '0',
  'connection' => 'keep-alive',
  'accept-encoding' => 'gzip, deflate, br',
  'host' => 'rurujia.com',
  'postman-token' => 'bad44d31-7f36-4186-90a0-ff4cbc1e9149',
  'accept' => '*/*',
  'user-agent' => 'PostmanRuntime/7.26.10',
  'token' => '0ab8a330-7e35-4023-aa06-1dcc019f7f3b',
  'content-type' => '',
)
[ info ] [ PARAM ] array (
)
[ info ] [ LANG ] D:\Program\phpstudy_pro\WWW\rurujia.com\public/../application/wechat\lang\zh-cn.php
[ info ] [ BEHAVIOR ] Run app\common\behavior\Common @module_init [ RunTime:0.002621s ]
[ info ] [ TOKEN ] INIT Mysql
[ info ] [ DB ] INIT mysql
[ info ] [ RUN ] app\wechat\controller\Index->init[ D:\Program\phpstudy_pro\WWW\rurujia.com\application\wechat\controller\Index.php ]
[ info ] [ LOG ] INIT File
---------------------------------------------------------------
[ 2021-03-16T16:36:03+08:00 ] 127.0.0.1 POST rurujia.com/wechat/index/init
[运行时间：0.650235s] [吞吐率：1.54req/s] [内存消耗：4,613.30kb] [文件加载：141]
[ info ] [ BEHAVIOR ] Run Closure @app_init [ RunTime:0.000069s ]
[ info ] [ CACHE ] INIT File
[ info ] [ BEHAVIOR ] Run Closure @app_init [ RunTime:0.007037s ]
[ info ] [ LANG ] D:\Program\phpstudy_pro\WWW\rurujia.com\thinkphp\lang\zh-cn.php
[ info ] [ BEHAVIOR ] Run app\common\behavior\Common @app_dispatch [ RunTime:0.001300s ]
[ info ] [ ROUTE ] array (
  'type' => 'module',
  'module' => 
  array (
    0 => 'wechat',
    1 => 'index',
    2 => 'init',
  ),
)
[ info ] [ HEADER ] array (
  'content-length' => '0',
  'connection' => 'keep-alive',
  'accept-encoding' => 'gzip, deflate, br',
  'host' => 'rurujia.com',
  'postman-token' => 'c5d9d48d-9b42-4a76-9075-b18056949c38',
  'accept' => '*/*',
  'user-agent' => 'PostmanRuntime/7.26.10',
  'token' => '0ab8a330-7e35-4023-aa06-1dcc019f7f3b',
  'content-type' => '',
)
[ info ] [ PARAM ] array (
)
[ info ] [ LANG ] D:\Program\phpstudy_pro\WWW\rurujia.com\public/../application/wechat\lang\zh-cn.php
[ info ] [ BEHAVIOR ] Run app\common\behavior\Common @module_init [ RunTime:0.002214s ]
[ info ] [ TOKEN ] INIT Mysql
[ info ] [ DB ] INIT mysql
[ info ] [ RUN ] app\wechat\controller\Index->init[ D:\Program\phpstudy_pro\WWW\rurujia.com\application\wechat\controller\Index.php ]
[ info ] [ LOG ] INIT File
